============================================================
============================================================
[orchestrator] Starting pipeline
[orchestrator] Starting pipeline
============================================================
============================================================

[orchestrator] Part 1: Pull activities

[orchestrator] Part 1: Pull activities
[run] Fetching tickets from API...
[ts] Fetched 4 ticket(s) for number(s) 109683, 108476, 108182, 108098.
[run] Targeting ticket(s): 109683, 108476, 108182, 108098.
[run] (1/4) Ticket 109683 — Task Scheduler
  [run] Fetching activities for ticket 21022947...
  [run] 6 raw activity/ies fetched.
[ts] Loaded 61 inHANCE user ID(s).
  [run] Filtered out 1 non-visible (private) activity/ies.
[run] (2/4) Ticket 108476 — Meter Id not found on recent MCO
  [run] Fetching activities for ticket 20954135...
  [run] 25 raw activity/ies fetched.
  [run] Filtered out 2 non-visible (private) activity/ies.
[run] (3/4) Ticket 108182 — Automating penalty process
  [run] Fetching activities for ticket 20937476...
  [run] 13 raw activity/ies fetched.
  [run] Filtered out 1 non-visible (private) activity/ies.
[run] (4/4) Ticket 108098 — Import File
  [run] Fetching activities for ticket 20931704...
  [run] 5 raw activity/ies fetched.
[run] Done. 45 activity/ies across 4 ticket(s) written to /Users/baplin/ts_ticket_review_and_update/ts_ticket_review_and_update/output/activities_20260313_183443.json

[orchestrator] Part 2: Sentiment — skipped (RUN_SENTIMENT=0)

[orchestrator] Part 2: Sentiment — skipped (RUN_SENTIMENT=0)

[orchestrator] Part 3: AI priority scoring

[orchestrator] Part 3: AI priority scoring
[priority] Using activities file: /Users/baplin/ts_ticket_review_and_update/ts_ticket_review_and_update/output/activities_20260313_183443.json
[priority] Loaded 4 ticket(s).
[priority] Calling Matcha with 4 ticket(s)...
[priority] Matcha raw response:
[
  {
    "ticket_number": "109683",
    "ticket_name": "Task Scheduler",
    "severity": "2 - Medium Priority",
    "priority": 6.5,
    "priority_explanation": "Severity is medium, but the ticket shows customer follow-up about waiting for contact and it has 30 days since last modification. The most recent activity is staff-side coordination, indicating some engagement rather than a complete lack of response.",
    "days_opened": "8",
    "days_since_modified": "30",
    "assignee": "Chris Holloway",
    "customer": "Public Water Supply District No 9"
  },
  {
    "ticket_number": "108476",
    "ticket_name": "Meter Id not found on recent MCO",
    "severity": "1 - High Priority",
    "priority": 7,
    "priority_explanation": "Despite high severity, the most recent activities show active staff engagement and a reported working outcome (“This imported correctly.”). The ticket is long-open with high inactivity values (63 days opened, 66 days since modified), but there is no current unresolved escalation in the latest updates.",
    "days_opened": "63",
    "days_since_modified": "66",
    "assignee": "Chris Holloway",
    "customer": "Caddo Basin SUD"
  },
  {
    "ticket_number": "108182",
    "ticket_name": "Automating penalty process",
    "severity": "2 - Medium Priority",
    "priority": 8,
    "priority_explanation": "The latest customer update states they plan to continue manually and that the ticket can be closed, indicating de-escalation. Although it is long-open and inactive (58 days opened, 80 days since modified), there is no current request for action in the most recent entry.",
    "days_opened": "58",
    "days_since_modified": "80",
    "assignee": "Chris Holloway",
    "customer": "Collier Co. Utility Billing and Customer"
  },
  {
    "ticket_number": "108098",
    "ticket_name": "Import File",
    "severity": "2 - Medium Priority",
    "priority": 8.5,
    "priority_explanation": "The most recent activities are staff check-ins noting no customer response, which is a de-escalation signal. While the ticket shows long inactivity (61 days opened, 85 days since modified), there are no recent customer follow-ups or operational-impact signals in the latest notes.",
    "days_opened": "61",
    "days_since_modified": "85",
    "assignee": "Chris Holloway",
    "customer": "Agawam Water Dept"
  }
]
[priority] Parsed 4 priority result(s).
[priority] Collected fields for 4 ticket(s) (write-back deferred).
[priority] Results saved to /Users/baplin/ts_ticket_review_and_update/ts_ticket_review_and_update/output/priority_20260313_183456.json

[orchestrator] Part 4: Complexity analysis

[orchestrator] Part 4: Complexity analysis
[complexity] Using activities file: /Users/baplin/ts_ticket_review_and_update/ts_ticket_review_and_update/output/activities_20260313_183443.json
[complexity] Loaded 4 ticket(s).
[complexity] Scoring ticket 109683...
[complexity] Matcha response for 109683:
{
  "ticket_id": "21022947",
  "ticket_number": "109683",
  "ticket_name": "Task Scheduler",
  "intrinsic_complexity": 2,
  "coordination_load": 2,
  "elapsed_drag": 3,
  "overall_complexity": 2,
  "confidence": 0.56,
  "primary_complexity_drivers": [
    "task scheduler UI save failure",
    "workaround communication for time-sensitive scheduled job"
  ],
  "complexity_summary": "The core issue is a task scheduler configuration change that would not save and gave no error feedback, reproduced across multiple user logins. That suggests a straightforward application-side failure (UI, permissions, validation, or backend error) but the ticket history does not show any deep investigation, diagnostics, or remediation steps. The only concrete delivery work mentioned is that internal staff discussed the issue and provided a workaround. Overall, the evidence supports a low-complexity fix/workaround scenario with moderate drag from reaching the right person before a deadline.",
  "evidence": [
    "Customer reports changing a task scheduler item and clicking save results in no save and no popup/error",
    "Customer reproduced the issue using another user's login, indicating it is not user-specific",
    "Internal comment notes discussion of the issue and a workaround, with remaining questions for the assignee"
  ],
  "noise_factors": [
    "Multiple follow-ups focused on getting a callback within the customer's end-of-day window",
    "Additional unrelated issue mentioned (bills/invoice cloud) without technical detail in this ticket"
  ],
  "duration_vs_complexity_note": "The ticket activity reflects contact/scheduling urgency more than documented technical troubleshooting, so elapsed drag is higher than the demonstrated complexity of the underlying work."
}
[complexity] Scoring ticket 108476...
[complexity] Matcha response for 108476:
{
  "ticket_id": "20954135",
  "ticket_number": "108476",
  "ticket_name": "Meter Id not found on recent MCO",
  "intrinsic_complexity": 3,
  "coordination_load": 3,
  "elapsed_drag": 4,
  "overall_complexity": 3,
  "confidence": 0.72,
  "primary_complexity_drivers": [
    "file import layout/format mismatch (8 vs 9 digit meter IDs)",
    "adjustment to import Genie to handle record length/CRLF"
  ],
  "complexity_summary": "The core work was diagnosing why meter IDs from the Sensus/Aqua-Metric reading file were not matching after MCO/register changes and updating the import configuration accordingly. This required modifying the import layout/\"Genie\" so the new file format (including longer meter IDs and correct record termination) would parse and import correctly without breaking other customers using the same import type. The thread shows some technical specificity (record end position, CR/LF handling) consistent with non-trivial configuration and validation. However, there is no evidence of deep custom development or complex data repair beyond adjusting the import layout and confirming a successful import.",
  "evidence": [
    "Support states they \"needed to adjust the Genie\" and provided a new import layout for Sensus to use, noting the file end should be 32 to allow for CR/LF.",
    "Customer reports the issue is meter IDs missing the last digit (shift from 8-digit to 9-digit IDs), causing \"meter id not found\" during reading import.",
    "Support confirms they \"made changes to the layout for the import\" to match the new reading file and that it \"imported correctly.\""
  ],
  "noise_factors": [
    "Scheduling and coordination attempts with Sensus/Aqua-Metric reps and requests for calls/meeting invites",
    "Multiple blank/administrative emails and check-ins that add thread volume without adding technical detail"
  ],
  "duration_vs_complexity_note": "Although the ticket stayed open with significant back-and-forth and waiting on third-party coordination, the actual technical work evidenced is mainly a moderate import-layout/Genie adjustment and validation."
}
[complexity] Scoring ticket 108182...
[complexity] Matcha response for 108182:
{
  "ticket_id": "20937476",
  "ticket_number": "108182",
  "ticket_name": "Automating penalty process",
  "intrinsic_complexity": 2,
  "coordination_load": 2,
  "elapsed_drag": 3,
  "overall_complexity": 2,
  "confidence": 0.72,
  "primary_complexity_drivers": [
    "configuration of Task Scheduler for Penalties",
    "operational constraints around billing/autopay timing"
  ],
  "complexity_summary": "The core work was providing instructions to configure an automated penalties task in the application’s Task Scheduler, including selecting penalty groups, cycles, offsets, and notification settings. This is primarily a straightforward configuration task with limited technical depth, though it touches an underlying SQL job and requires understanding scheduling implications. Some coordination was needed for testing and potentially a meeting, but no evidence suggests custom scripting, data correction, or complex troubleshooting occurred. The ticket appears longer mostly due to customer testing and ultimately choosing to keep the process manual for operational control.",
  "evidence": [
    "Agent provided step-by-step setup in System Administration > System Configuration > Task Scheduler to create a Penalties task, select penalty group, due date offset, cycles, and save",
    "Agent notes the scheduler 'creates a SQL job that runs on the schedule you select' and mentions a possible configuration validation issue ('may need to select a User to notify')",
    "Customer states they are testing instructions and later decides to continue manual penalties to ensure autopays/bank drafts/lockbox are completed first"
  ],
  "noise_factors": [
    "Extended period of customer testing with minimal technical updates",
    "Scheduling/meeting coordination and follow-ups without additional technical findings"
  ],
  "duration_vs_complexity_note": "Although the ticket stayed open while the customer tested and deliberated operational timing, the underlying work was mainly basic scheduler configuration guidance rather than complex technical implementation."
}
[complexity] Scoring ticket 108098...
[complexity] Matcha response for 108098:
{
  "ticket_id": "20931704",
  "ticket_number": "108098",
  "ticket_name": "Import File",
  "intrinsic_complexity": 2,
  "coordination_load": 1,
  "elapsed_drag": 3,
  "overall_complexity": 2,
  "confidence": 0.62,
  "primary_complexity_drivers": [
    "payment application logic by priority",
    "need to determine if customization exists for income-center targeting"
  ],
  "complexity_summary": "The core work was explaining system behavior: imported payments are applied according to configured payment priority and the batch payment/import process does not allow directing payments to specific income centers (water vs sewer). The only hinted complexity is the possibility of an existing customization that previously affected allocation, which would require light investigation if pursued, but no concrete technical work is shown in the history. No evidence of scripting, data transformation, or file-format troubleshooting is present (the customer states they already figured out the import file). Overall, this reads as a straightforward product-knowledge/support clarification rather than a complex technical task.",
  "evidence": [
    "Customer reports they 'figured out the import file' and asks how to control where payments are applied (water vs sewer).",
    "Agent explains payments are distributed by payment priority and batch payments have no indicator to restrict to specific income centers.",
    "Agent asks whether the customer has a customization or previously used the manual customer-screen payment process to choose income centers."
  ],
  "noise_factors": [
    "Long gaps with follow-up check-ins asking if questions were answered",
    "Ticket closure driven by lack of response rather than technical completion steps"
  ],
  "duration_vs_complexity_note": "The ticket remained open due to inactivity and follow-ups, while the actual work evidenced is a short clarification of standard payment allocation behavior with only a speculative customization angle."
}
[complexity] Scored 4/4 ticket(s).
[complexity] Collected fields for 4 ticket(s) (write-back deferred).
[complexity] Results saved to /Users/baplin/ts_ticket_review_and_update/ts_ticket_review_and_update/output/complexity_20260313_183523.json

[orchestrator] Writing back 4 ticket(s) (single call each)...

[orchestrator] Writing back 4 ticket(s) (single call each)...
  [ts] Updated ticket 109683 — fields: ['AIPriority', 'AIPriExpln', 'AILastUpdate', 'Complexity', 'COORDINATIONLOAD', 'ELAPSEDDRAG', 'INTRINSICCOMPLEXITY', 'LastInhComment', 'LastCustComment']
  [ts] Updated ticket 109683 — fields: ['AIPriority', 'AIPriExpln', 'AILastUpdate', 'Complexity', 'COORDINATIONLOAD', 'ELAPSEDDRAG', 'INTRINSICCOMPLEXITY', 'LastInhComment', 'LastCustComment']
  [ts] Updated ticket 108476 — fields: ['AIPriority', 'AIPriExpln', 'AILastUpdate', 'Complexity', 'COORDINATIONLOAD', 'ELAPSEDDRAG', 'INTRINSICCOMPLEXITY', 'LastInhComment', 'LastCustComment']
  [ts] Updated ticket 108476 — fields: ['AIPriority', 'AIPriExpln', 'AILastUpdate', 'Complexity', 'COORDINATIONLOAD', 'ELAPSEDDRAG', 'INTRINSICCOMPLEXITY', 'LastInhComment', 'LastCustComment']
  [ts] Updated ticket 108182 — fields: ['AIPriority', 'AIPriExpln', 'AILastUpdate', 'Complexity', 'COORDINATIONLOAD', 'ELAPSEDDRAG', 'INTRINSICCOMPLEXITY', 'LastInhComment', 'LastCustComment']
  [ts] Updated ticket 108182 — fields: ['AIPriority', 'AIPriExpln', 'AILastUpdate', 'Complexity', 'COORDINATIONLOAD', 'ELAPSEDDRAG', 'INTRINSICCOMPLEXITY', 'LastInhComment', 'LastCustComment']
  [ts] Updated ticket 108098 — fields: ['AIPriority', 'AIPriExpln', 'AILastUpdate', 'Complexity', 'COORDINATIONLOAD', 'ELAPSEDDRAG', 'INTRINSICCOMPLEXITY', 'LastInhComment', 'LastCustComment']
  [ts] Updated ticket 108098 — fields: ['AIPriority', 'AIPriExpln', 'AILastUpdate', 'Complexity', 'COORDINATIONLOAD', 'ELAPSEDDRAG', 'INTRINSICCOMPLEXITY', 'LastInhComment', 'LastCustComment']
[orchestrator] Write-back complete: 4/4 ticket(s).
[orchestrator] Write-back complete: 4/4 ticket(s).

============================================================

============================================================
[orchestrator] Pipeline complete
[orchestrator] Pipeline complete
============================================================
============================================================
